android-basics-kotlin-lemonade-app/app/build/intermediates/manifest_merge_blame_file/debug/manifest-merger-blame-debug-report.txt
1<?xml version="1.0" encoding="utf-8"?>
2<!--
3  ~ Copyright (C) 2021 The Android Open Source Project.
4  ~
5  ~ Licensed under the Apache License, Version 2.0 (the "License");
6  ~ you may not use this file except in compliance with the License.
7  ~ You may obtain a copy of the License at
8  ~
9  ~     http://www.apache.org/licenses/LICENSE-2.0
10  ~
11  ~ Unless required by applicable law or agreed to in writing, software
12  ~ distributed under the License is distributed on an "AS IS" BASIS,
13  ~ WITHOUT WARRANTIES OR CONDITIONS OF ANY KIND, either express or implied.
14  ~ See the License for the specific language governing permissions and
15  ~ limitations under the License.
16-->
17<manifest xmlns:android="http://schemas.android.com/apk/res/android"
18    package="com.example.lemonade"
19    android:versionCode="1"
20    android:versionName="1.0" >
21
22    <uses-sdk
23        android:minSdkVersion="21"
23-->src\main\AndroidManifest.xml
24        android:targetSdkVersion="33" />
24-->src\main\AndroidManifest.xml
25
26    <permission
26-->[androidx.core:core:1.9.0] AndroidManifest.xml:22:5-24:47
27        android:name="com.example.lemonade.DYNAMIC_RECEIVER_NOT_EXPORTED_PERMISSION"
27-->[androidx.core:core:1.9.0] AndroidManifest.xml:23:9-81
28        android:protectionLevel="signature" />
28-->[androidx.core:core:1.9.0] AndroidManifest.xml:24:9-44
29
30    <uses-permission android:name="com.example.lemonade.DYNAMIC_RECEIVER_NOT_EXPORTED_PERMISSION" />
30-->[androidx.core:core:1.9.0] AndroidManifest.xml:26:5-97
30-->[androidx.core:core:1.9.0] AndroidManifest.xml:26:22-94
31
32    <application
32-->src\main\AndroidManifest.xml:20:5-35:19
33        android:allowBackup="true"
33-->src\main\AndroidManifest.xml:21:9-35
34        android:appComponentFactory="androidx.core.app.CoreComponentFactory"
34-->[androidx.core:core:1.9.0] AndroidManifest.xml:28:18-86
35        android:debuggable="true"
36        android:icon="@mipmap/ic_launcher_lemonade"
36-->src\main\AndroidManifest.xml:22:9-52
37        android:label="@string/app_name"
37-->src\main\AndroidManifest.xml:23:9-41
38        android:roundIcon="@mipmap/ic_launcher_lemonade_round"
38-->src\main\AndroidManifest.xml:24:9-63
39        android:supportsRtl="true"
39-->src\main\AndroidManifest.xml:25:9-35
40        android:testOnly="true"
41        android:theme="@style/Theme.Lemonade" >
41-->src\main\AndroidManifest.xml:26:9-46
42        <activity
42-->src\main\AndroidManifest.xml:27:9-34:20
43            android:name="com.example.lemonade.MainActivity"
43-->src\main\AndroidManifest.xml:27:19-47
44            android:exported="true" >
44-->src\main\AndroidManifest.xml:28:13-36
45            <intent-filter>
45-->src\main\AndroidManifest.xml:29:13-33:29
46                <action android:name="android.intent.action.MAIN" />
46-->src\main\AndroidManifest.xml:30:17-69
46-->src\main\AndroidManifest.xml:30:25-66
47
48                <category android:name="android.intent.category.LAUNCHER" />
48-->src\main\AndroidManifest.xml:32:17-77
48-->src\main\AndroidManifest.xml:32:27-74
49            </intent-filter>
50        </activity>
51
52        <provider
52-->[androidx.emoji2:emoji2:1.2.0] AndroidManifest.xml:24:9-32:20
53            android:name="androidx.startup.InitializationProvider"
53-->[androidx.emoji2:emoji2:1.2.0] AndroidManifest.xml:25:13-67
54            android:authorities="com.example.lemonade.androidx-startup"
54-->[androidx.emoji2:emoji2:1.2.0] AndroidManifest.xml:26:13-68
55            android:exported="false" >
55-->[androidx.emoji2:emoji2:1.2.0] AndroidManifest.xml:27:13-37
56            <meta-data
56-->[androidx.emoji2:emoji2:1.2.0] AndroidManifest.xml:29:13-31:52
57                android:name="androidx.emoji2.text.EmojiCompatInitializer"
57-->[androidx.emoji2:emoji2:1.2.0] AndroidManifest.xml:30:17-75
58                android:value="androidx.startup" />
58-->[androidx.emoji2:emoji2:1.2.0] AndroidManifest.xml:31:17-49
59            <meta-data
59-->[androidx.lifecycle:lifecycle-process:2.4.1] AndroidManifest.xml:31:13-33:52
60                android:name="androidx.lifecycle.ProcessLifecycleInitializer"
60-->[androidx.lifecycle:lifecycle-process:2.4.1] AndroidManifest.xml:32:17-78
61                android:value="androidx.startup" />
61-->[androidx.lifecycle:lifecycle-process:2.4.1] AndroidManifest.xml:33:17-49
62        </provider>
63    </application>
64
65</manifest>